Flow report for Build18FPGATetris
Mon Jan 16 19:01:15 2012
Quartus II 32-bit Version 11.1 Build 216 11/23/2011 Service Pack 1 SJ Web Edition


---------------------
; Table of Contents ;
---------------------
  1. Legal Notice
  2. Flow Summary
  3. Flow Settings
  4. Flow Non-Default Global Settings
  5. Flow Elapsed Time
  6. Flow OS Summary
  7. Flow Log



----------------
; Legal Notice ;
----------------
Copyright (C) 1991-2011 Altera Corporation
Your use of Altera Corporation's design tools, logic functions 
and other software and tools, and its AMPP partner logic 
functions, and any output files from any of the foregoing 
(including device programming or simulation files), and any 
associated documentation or information are expressly subject 
to the terms and conditions of the Altera Program License 
Subscription Agreement, Altera MegaCore Function License 
Agreement, or other applicable license agreement, including, 
without limitation, that your use is for the sole purpose of 
programming logic devices manufactured by Altera and sold by 
Altera or its authorized distributors.  Please refer to the 
applicable agreement for further details.



+------------------------------------------------------------------------------------+
; Flow Summary                                                                       ;
+------------------------------------+-----------------------------------------------+
; Flow Status                        ; Successful - Mon Jan 16 19:01:15 2012         ;
; Quartus II 32-bit Version          ; 11.1 Build 216 11/23/2011 SP 1 SJ Web Edition ;
; Revision Name                      ; Build18FPGATetris                             ;
; Top-level Entity Name              ; Build18FPGATetris                             ;
; Family                             ; Cyclone IV E                                  ;
; Device                             ; EP4CE115F29C7                                 ;
; Timing Models                      ; Final                                         ;
; Total logic elements               ; 234 / 114,480 ( < 1 % )                       ;
;     Total combinational functions  ; 234 / 114,480 ( < 1 % )                       ;
;     Dedicated logic registers      ; 25 / 114,480 ( < 1 % )                        ;
; Total registers                    ; 25                                            ;
; Total pins                         ; 162 / 529 ( 31 % )                            ;
; Total virtual pins                 ; 0                                             ;
; Total memory bits                  ; 0 / 3,981,312 ( 0 % )                         ;
; Embedded Multiplier 9-bit elements ; 0 / 532 ( 0 % )                               ;
; Total PLLs                         ; 0 / 4 ( 0 % )                                 ;
+------------------------------------+-----------------------------------------------+


+-----------------------------------------+
; Flow Settings                           ;
+-------------------+---------------------+
; Option            ; Setting             ;
+-------------------+---------------------+
; Start date & time ; 01/16/2012 18:56:07 ;
; Main task         ; Compilation         ;
; Revision Name     ; Build18FPGATetris   ;
+-------------------+---------------------+


+------------------------------------------------------------------------------------------------------------------------+
; Flow Non-Default Global Settings                                                                                       ;
+-------------------------------------+---------------------------------------+---------------+-------------+------------+
; Assignment Name                     ; Value                                 ; Default Value ; Entity Name ; Section Id ;
+-------------------------------------+---------------------------------------+---------------+-------------+------------+
; COMPILER_SIGNATURE_ID               ; 132683363951131.132676536607556       ; --            ; --          ; --         ;
; MAX_CORE_JUNCTION_TEMP              ; 85                                    ; --            ; --          ; --         ;
; MIN_CORE_JUNCTION_TEMP              ; 0                                     ; --            ; --          ; --         ;
; PARTITION_COLOR                     ; 16764057                              ; --            ; --          ; Top        ;
; PARTITION_FITTER_PRESERVATION_LEVEL ; PLACEMENT_AND_ROUTING                 ; --            ; --          ; Top        ;
; PARTITION_NETLIST_TYPE              ; SOURCE                                ; --            ; --          ; Top        ;
; POWER_BOARD_THERMAL_MODEL           ; None (CONSERVATIVE)                   ; --            ; --          ; --         ;
; POWER_PRESET_COOLING_SOLUTION       ; 23 MM HEAT SINK WITH 200 LFPM AIRFLOW ; --            ; --          ; --         ;
+-------------------------------------+---------------------------------------+---------------+-------------+------------+


+-------------------------------------------------------------------------------------------------------------------------------+
; Flow Elapsed Time                                                                                                             ;
+---------------------------+--------------+-------------------------+---------------------+------------------------------------+
; Module Name               ; Elapsed Time ; Average Processors Used ; Peak Virtual Memory ; Total CPU Time (on all processors) ;
+---------------------------+--------------+-------------------------+---------------------+------------------------------------+
; Analysis & Synthesis      ; 00:01:29     ; 1.0                     ; 293 MB              ; 00:01:26                           ;
; Fitter                    ; 00:02:05     ; 1.0                     ; 471 MB              ; 00:02:02                           ;
; TimeQuest Timing Analyzer ; 00:00:44     ; 1.0                     ; 330 MB              ; 00:00:31                           ;
; Assembler                 ; 00:01:18     ; 1.0                     ; 482 MB              ; 00:00:55                           ;
; Total                     ; 00:05:36     ; --                      ; --                  ; 00:04:54                           ;
+---------------------------+--------------+-------------------------+---------------------+------------------------------------+


+----------------------------------------------------------------------------------------+
; Flow OS Summary                                                                        ;
+---------------------------+------------------+-----------+------------+----------------+
; Module Name               ; Machine Hostname ; OS Name   ; OS Version ; Processor type ;
+---------------------------+------------------+-----------+------------+----------------+
; Analysis & Synthesis      ; Ross-HP          ; Windows 7 ; 6.1        ; i686           ;
; Fitter                    ; Ross-HP          ; Windows 7 ; 6.1        ; i686           ;
; TimeQuest Timing Analyzer ; Ross-HP          ; Windows 7 ; 6.1        ; i686           ;
; Assembler                 ; Ross-HP          ; Windows 7 ; 6.1        ; i686           ;
+---------------------------+------------------+-----------+------------+----------------+


------------
; Flow Log ;
------------
quartus_map --read_settings_files=on --write_settings_files=off Build18FPGATetris -c Build18FPGATetris
quartus_fit --read_settings_files=off --write_settings_files=off Build18FPGATetris -c Build18FPGATetris
quartus_sta Build18FPGATetris -c Build18FPGATetris
quartus_asm --read_settings_files=off --write_settings_files=off Build18FPGATetris -c Build18FPGATetris



